<?xml version="1.0" encoding="UTF-8"?>
<testng-results skipped="0" failed="0" ignored="0" total="1" passed="1">
  <reporter-output>
    <line>
      <![CDATA[Chrome launched]]>
    </line>
    <line>
      <![CDATA[Navigating to url]]>
    </line>
    <line>
      <![CDATA[Browser closed]]>
    </line>
    <line>
      <![CDATA[Runninng After Suite: ]]>
    </line>
  </reporter-output>
  <suite name="Suite" duration-ms="10825" started-at="2018-12-13T06:26:56Z" finished-at="2018-12-13T06:27:07Z">
    <groups>
      <group name="smoke">
        <method signature="Logintest.Departments5()[pri:77, instance:project.ses.scripts.Logintest@48a242ce]" name="Departments5" class="project.ses.scripts.Logintest"/>
      </group> <!-- smoke -->
    </groups>
    <test name="Test" duration-ms="10825" started-at="2018-12-13T06:26:56Z" finished-at="2018-12-13T06:27:07Z">
      <class name="project.ses.scripts.Logintest">
        <test-method status="PASS" signature="configBT()[pri:0, instance:project.ses.scripts.Logintest@48a242ce]" name="configBT" is-config="true" duration-ms="203" started-at="2018-12-13T06:26:56Z" finished-at="2018-12-13T06:26:56Z">
          <reporter-output>
          </reporter-output>
        </test-method> <!-- configBT -->
        <test-method status="PASS" signature="preCondition(java.lang.String)[pri:0, instance:project.ses.scripts.Logintest@48a242ce]" name="preCondition" is-config="true" duration-ms="5353" started-at="2018-12-13T06:26:56Z" finished-at="2018-12-13T06:27:02Z">
          <params>
            <param index="0">
              <value>
                <![CDATA[chrome]]>
              </value>
            </param>
          </params>
          <reporter-output>
            <line>
              <![CDATA[Chrome launched]]>
            </line>
            <line>
              <![CDATA[Navigating to url]]>
            </line>
          </reporter-output>
        </test-method> <!-- preCondition -->
        <test-method status="PASS" signature="Departments5()[pri:77, instance:project.ses.scripts.Logintest@48a242ce]" name="Departments5" duration-ms="3970" started-at="2018-12-13T06:27:02Z" finished-at="2018-12-13T06:27:06Z">
          <reporter-output>
          </reporter-output>
        </test-method> <!-- Departments5 -->
        <test-method status="PASS" signature="postCondition()[pri:0, instance:project.ses.scripts.Logintest@48a242ce]" name="postCondition" is-config="true" duration-ms="1276" started-at="2018-12-13T06:27:06Z" finished-at="2018-12-13T06:27:07Z">
          <reporter-output>
            <line>
              <![CDATA[Browser closed]]>
            </line>
          </reporter-output>
        </test-method> <!-- postCondition -->
        <test-method status="PASS" signature="configAfterSuite()[pri:0, instance:project.ses.scripts.Logintest@48a242ce]" name="configAfterSuite" is-config="true" duration-ms="142" started-at="2018-12-13T06:27:07Z" finished-at="2018-12-13T06:27:07Z">
          <reporter-output>
            <line>
              <![CDATA[Runninng After Suite: ]]>
            </line>
          </reporter-output>
        </test-method> <!-- configAfterSuite -->
      </class> <!-- project.ses.scripts.Logintest -->
    </test> <!-- Test -->
  </suite> <!-- Suite -->
</testng-results>
