<?xml version="1.0" encoding="UTF-8"?>
<testng-results skipped="0" failed="0" ignored="0" total="1" passed="1">
  <reporter-output>
    <line>
      <![CDATA[Chrome launched]]>
    </line>
    <line>
      <![CDATA[Navigating to url]]>
    </line>
    <line>
      <![CDATA[Browser closed]]>
    </line>
    <line>
      <![CDATA[Runninng After Suite: ]]>
    </line>
  </reporter-output>
  <suite name="Suite" duration-ms="8564" started-at="2018-12-12T15:42:49Z" finished-at="2018-12-12T15:42:58Z">
    <groups>
      <group name="smoke">
        <method signature="Logintest.Departments2()[pri:75, instance:project.ses.scripts.Logintest@30a3107a]" name="Departments2" class="project.ses.scripts.Logintest"/>
      </group> <!-- smoke -->
    </groups>
    <test name="Test" duration-ms="8564" started-at="2018-12-12T15:42:49Z" finished-at="2018-12-12T15:42:58Z">
      <class name="project.ses.scripts.Logintest">
        <test-method status="PASS" signature="configBT()[pri:0, instance:project.ses.scripts.Logintest@30a3107a]" name="configBT" is-config="true" duration-ms="174" started-at="2018-12-12T15:42:49Z" finished-at="2018-12-12T15:42:49Z">
          <reporter-output>
          </reporter-output>
        </test-method> <!-- configBT -->
        <test-method status="PASS" signature="preCondition(java.lang.String)[pri:0, instance:project.ses.scripts.Logintest@30a3107a]" name="preCondition" is-config="true" duration-ms="5242" started-at="2018-12-12T15:42:49Z" finished-at="2018-12-12T15:42:54Z">
          <params>
            <param index="0">
              <value>
                <![CDATA[chrome]]>
              </value>
            </param>
          </params>
          <reporter-output>
            <line>
              <![CDATA[Chrome launched]]>
            </line>
            <line>
              <![CDATA[Navigating to url]]>
            </line>
          </reporter-output>
        </test-method> <!-- preCondition -->
        <test-method status="PASS" signature="Departments2()[pri:75, instance:project.ses.scripts.Logintest@30a3107a]" name="Departments2" duration-ms="1904" started-at="2018-12-12T15:42:54Z" finished-at="2018-12-12T15:42:56Z">
          <reporter-output>
          </reporter-output>
        </test-method> <!-- Departments2 -->
        <test-method status="PASS" signature="postCondition()[pri:0, instance:project.ses.scripts.Logintest@30a3107a]" name="postCondition" is-config="true" duration-ms="1217" started-at="2018-12-12T15:42:56Z" finished-at="2018-12-12T15:42:58Z">
          <reporter-output>
            <line>
              <![CDATA[Browser closed]]>
            </line>
          </reporter-output>
        </test-method> <!-- postCondition -->
        <test-method status="PASS" signature="configAfterSuite()[pri:0, instance:project.ses.scripts.Logintest@30a3107a]" name="configAfterSuite" is-config="true" duration-ms="119" started-at="2018-12-12T15:42:58Z" finished-at="2018-12-12T15:42:58Z">
          <reporter-output>
            <line>
              <![CDATA[Runninng After Suite: ]]>
            </line>
          </reporter-output>
        </test-method> <!-- configAfterSuite -->
      </class> <!-- project.ses.scripts.Logintest -->
    </test> <!-- Test -->
  </suite> <!-- Suite -->
</testng-results>
